collecting ... collected 5 items
tests/test_new_client.py::test_modular_client FAILED                     [ 20%]
tests/test_redstone.py::TestRedstoneConnection::test_current_user SKIPPED [ 40%]
tests/test_redstone.py::TestRedstoneConnection::test_issues SKIPPED      [ 60%]
tests/test_redstone.py::TestRedstoneConnection::test_projects SKIPPED    [ 80%]
tests/test_roadmap.py::test_roadmap_features FAILED                      [100%]
=================================== FAILURES ===================================
_____________________________ test_modular_client ______________________________
    def test_modular_client():
        """Test the new modular RedmineClient against the p1 project"""
        # Get API credentials from environment
        redmine_url = os.environ.get("REDMINE_URL", "https://redstone.redminecloud.net")
        redmine_api_key = os.environ.get("REDMINE_API_KEY", "")
        test_project = "p1"
    
        if not redmine_api_key:
            logger.error("REDMINE_API_KEY environment variable is not set")
>           sys.exit(1)
E           SystemExit: 1
tests/test_new_client.py:31: SystemExit
------------------------------ Captured log call -------------------------------
ERROR    ModularClientTest:test_new_client.py:30 REDMINE_API_KEY environment variable is not set
____________________________ test_roadmap_features _____________________________
    def test_roadmap_features():
        """Test the roadmap and version tagging features"""
        # Get configuration from environment
        redmine_url = os.environ.get("REDMINE_URL", "https://redstone.redminecloud.net")
        redmine_api_key = os.environ.get("REDMINE_API_KEY", "")
    
        if not redmine_api_key:
            logger.error("REDMINE_API_KEY environment variable is not set")
>           sys.exit(1)
E           SystemExit: 1
tests/test_roadmap.py:32: SystemExit
------------------------------ Captured log call -------------------------------
ERROR    RoadmapTest:test_roadmap.py:31 REDMINE_API_KEY environment variable is not set
----- generated xml file: /home/runner/work/rrmcpy/rrmcpy/test-results.xml -----
================================ tests coverage ================================
_______________ coverage: platform linux, python 3.11.12-final-0 _______________
Coverage XML written to file coverage.xml
=========================== short test summary info ============================
FAILED tests/test_new_client.py::test_modular_client - SystemExit: 1
FAILED tests/test_roadmap.py::test_roadmap_features - SystemExit: 1
========================= 2 failed, 3 skipped in 0.73s =========================